[ 2.   2.5  3.   3.5  4.   4.5  5.   5.5  6.   6.5  7.   7.5  8.   8.5
  9.   9.5 10.  10.5 11.  11.5]
{'LYS2': 0.0736, 'GLU23': 0.0, 'LYS8': 0.0736, 'GLU210': 0.0, 'HIS13': 0.0, 'HIS13_sw': 0}
{'LYS2': 0.0736, 'GLU23': 0.0, 'LYS8': 0.0736, 'GLU210': 0.0, 'HIS13': 0.0, 'HIS13_sw': 0}
Building system...
Exchange between replicas  3  and  2  protons  ['GLU23']
lambdas of replica i                 1
LYS2      1.0000
GLU23     0.8882
LYS8      1.0000
GLU210    0.8882
HIS13     0.9990
HIS13_sw  1.0000
lambdas of replica j                 1
LYS2      1.0000
GLU23     0.9617
LYS8      1.0000
GLU210    0.9617
HIS13     0.9997
HIS13_sw  1.0000
Lambda swap will be attempted for  GLU23  protonation state
Lambda swap will be attempted for  GLU23  protonation state
Lambda swap will be attempted for  GLU23  protonation state
Lambda swap will be attempted for  GLU23  protonation state
Lambda swap will be attempted for  GLU23  protonation state
Lambda swap will be attempted for  GLU23  protonation state
Lambda swap will be attempted for  GLU23  protonation state
Lambda swap will be attempted for  GLU23  protonation state
Net charge:  0.0
Lambdas exchange energy  -187698.2200126234 -188063.93542697237 -187824.17663462143 -188081.38726422057
143.4084592461877
Lambda exchange accepted
Shape  1 1
Exchange between replicas  9  and  8
lambdas of replica i                 1
LYS2      0.9999
GLU23     0.0079
LYS8      0.9999
GLU210    0.0079
HIS13     0.5000
HIS13_sw  1.0000
lambdas of replica j                 1
LYS2      1.0000
GLU23     0.0245
LYS8      1.0000
GLU210    0.0245
HIS13     0.7597
HIS13_sw  1.0000
Net charge:  -1.39
Number of modified water oxygens  1389
Net charge:  -1.228
Number of modified water oxygens  1228
Replica exchange energy  -164685.19965270563 -164233.34324841262 -164231.39580038498 -164712.2933058749
Replica exchange accepted
