slurmstepd: error: task/cgroup: unable to add task[pid=20639] to memory cg '(null)'
Vec3(x=7.47, y=7.87, z=7.39) nm  unit cell dimensions
HIS  (2,)
HIS  (2,)
GLU  (16,)
ASP  (11,)
CYS  (1,)
LYS  (15,)
LYS side  (90,)
CYS side  (2,)
GLU side  (64,)
ASP side  (44,)
HIS side  (16,)
Water oxygen  (11509,)
all alchemical proton indicies 
 [ 137  176  234  427  508  682  698  739  797  817  852  948  988 1015
 1031 1090 1112 1176 1198 1234 1335 1367 1426 1462 1545 1572 1615 1637
 1759 1810 1840 1941 2044 2073 2086 2102 2147 2169 2202 2224 2275 2349
 2351 2540 2556 2597 2599]
List of residues with modified protonation state: 
  ['LYS8', 'ASP11', 'LYS14', 'ASP28', 'ASP33', 'GLU44', 'GLU45', 'LYS47', 'GLU51', 'ASP53', 'GLU55', 'LYS60', 'GLU62', 'ASP64', 'GLU65', 'LYS69', 'LYS70', 'GLU74', 'LYS75', 'LYS77', 'LYS83', 'ASP85', 'GLU89', 'LYS91', 'ASP96', 'ASP98', 'LYS100', 'LYS101', 'GLU108', 'GLU112', 'GLU114', 'CYS121', 'GLU127', 'ASP129', 'ASP130', 'GLU131', 'GLU134', 'LYS135', 'ASP137', 'LYS138', 'LYS141', 'HSP146', 'GLU157', 'GLU158', 'HSP161']
Number of titratable sites:  45
GLU89
0.9999949881527824
0.9999841513192601
0.9999498837883978
0.9998415357956377
0.9994990638291864
0.9984176147191983
0.995013121263312
0.9843983377581704
0.952273278965796
0.8631931113967899
0.666139424583122
0.3868631798468569
0.16633753081656188
0.05935094310276767
0.0195623038725794
0.006270012341433873
0.0019912891707282165
0.0006305594883400101
residue with user-defined pKa  GLU89  lambda value at pH  2.0 :  1.0000
residue with user-defined pKa  GLU89  lambda value at pH  2.5 :  1.0000
residue with user-defined pKa  GLU89  lambda value at pH  3.0 :  0.9999
residue with user-defined pKa  GLU89  lambda value at pH  3.5 :  0.9998
residue with user-defined pKa  GLU89  lambda value at pH  4.0 :  0.9995
residue with user-defined pKa  GLU89  lambda value at pH  4.5 :  0.9984
residue with user-defined pKa  GLU89  lambda value at pH  5.0 :  0.9950
residue with user-defined pKa  GLU89  lambda value at pH  5.5 :  0.9844
residue with user-defined pKa  GLU89  lambda value at pH  6.0 :  0.9523
residue with user-defined pKa  GLU89  lambda value at pH  6.5 :  0.8632
residue with user-defined pKa  GLU89  lambda value at pH  7.0 :  0.6661
residue with user-defined pKa  GLU89  lambda value at pH  7.5 :  0.3869
residue with user-defined pKa  GLU89  lambda value at pH  8.0 :  0.1663
residue with user-defined pKa  GLU89  lambda value at pH  8.5 :  0.0594
residue with user-defined pKa  GLU89  lambda value at pH  9.0 :  0.0196
residue with user-defined pKa  GLU89  lambda value at pH  9.5 :  0.0063
residue with user-defined pKa  GLU89  lambda value at pH  10.0 :  0.0020
residue with user-defined pKa  GLU89  lambda value at pH  10.5 :  0.0006

Waiting for Slurm JobID: 1716095


Waiting for Slurm JobID: 1716095


Waiting for Slurm JobID: 1716095


Waiting for Slurm JobID: 1716095


Waiting for Slurm JobID: 1716095


Waiting for Slurm JobID: 1716095

Slurm JobID: 1716095 COMPLETE
Slurm JobID: 1716096 COMPLETE

Waiting for Slurm JobID: 1716097

Slurm JobID: 1716097 COMPLETE
Slurm JobID: 1716098 COMPLETE

Waiting for Slurm JobID: 1716099

Slurm JobID: 1716099 COMPLETE
Slurm JobID: 1716100 COMPLETE
Slurm JobID: 1716101 COMPLETE
Slurm JobID: 1716102 COMPLETE
Slurm JobID: 1716103 COMPLETE
Slurm JobID: 1716104 COMPLETE
Slurm JobID: 1716105 COMPLETE
There was an error with Slurm JobID: 1716106
