Protein segments  ['SARS']
all alchemical proton indices: 
 [array([ 69,  82, 176, 248, 326, 384, 433, 509, 606])]
all side atoms indices: 
  [array([ 63,  66,  67,  68,  76,  79,  80,  81, 170, 171, 172, 173, 174,
       175, 242, 245, 246, 247, 320, 321, 322, 323, 324, 325, 378, 381,
       382, 383, 427, 430, 431, 432, 503, 506, 507, 508, 600, 601, 602,
       603, 604, 605])]
List of residues with modified protonation state: 
  ['SARS: GLU819', 'SARS: ASP820', 'SARS: LYS825', 'SARS: ASP830', 'SARS: LYS835', 'SARS: ASP839', 'SARS: ASP843', 'SARS: ASP848', 'SARS: LYS854']
Protein segments  ['SARS']
all alchemical proton indices: 
 [array([ 69,  82, 176, 248, 326, 384, 433, 509, 606])]
all side atoms indices: 
  [array([ 63,  66,  67,  68,  76,  79,  80,  81, 170, 171, 172, 173, 174,
       175, 242, 245, 246, 247, 320, 321, 322, 323, 324, 325, 378, 381,
       382, 383, 427, 430, 431, 432, 503, 506, 507, 508, 600, 601, 602,
       603, 604, 605])]
List of residues with modified protonation state: 
  ['SARS: GLU819', 'SARS: ASP820', 'SARS: LYS825', 'SARS: ASP830', 'SARS: LYS835', 'SARS: ASP839', 'SARS: ASP843', 'SARS: ASP848', 'SARS: LYS854']
Protein segments  ['SARS']
all alchemical proton indices: 
 [array([ 69,  82, 176, 248, 326, 384, 433, 509, 606])]
all side atoms indices: 
  [array([ 63,  66,  67,  68,  76,  79,  80,  81, 170, 171, 172, 173, 174,
       175, 242, 245, 246, 247, 320, 321, 322, 323, 324, 325, 378, 381,
       382, 383, 427, 430, 431, 432, 503, 506, 507, 508, 600, 601, 602,
       603, 604, 605])]
List of residues with modified protonation state: 
  ['SARS: GLU819', 'SARS: ASP820', 'SARS: LYS825', 'SARS: ASP830', 'SARS: LYS835', 'SARS: ASP839', 'SARS: ASP843', 'SARS: ASP848', 'SARS: LYS854']
